<?xml version="1.0" encoding="UTF-8"?>
<testng-results ignored="0" total="12" passed="12" failed="0" skipped="0">
  <reporter-output>
    <line>
      <![CDATA[Logged In Successfully]]>
    </line>
    <line>
      <![CDATA[Logged In Successfully]]>
    </line>
    <line>
      <![CDATA[User has successfully Logged Out.]]>
    </line>
    <line>
      <![CDATA[User has successfully Logged Out.]]>
    </line>
    <line>
      <![CDATA[Login Unsuccessful : Your username is invalid!]]>
    </line>
    <line>
      <![CDATA[Login Unsuccessful : Your username is invalid!]]>
    </line>
    <line>
      <![CDATA[Login Unsuccessful : Your password is invalid!]]>
    </line>
    <line>
      <![CDATA[Login Unsuccessful : Your username is invalid!]]>
    </line>
    <line>
      <![CDATA[Login Unsuccessful : Your password is invalid!]]>
    </line>
    <line>
      <![CDATA[Closing the Browser]]>
    </line>
    <line>
      <![CDATA[Login Unsuccessful : Your username is invalid!]]>
    </line>
    <line>
      <![CDATA[Closing the Browser]]>
    </line>
    <line>
      <![CDATA[Logged In Successfully]]>
    </line>
    <line>
      <![CDATA[User has successfully Logged Out.]]>
    </line>
    <line>
      <![CDATA[Login Unsuccessful : Your username is invalid!]]>
    </line>
    <line>
      <![CDATA[Login Unsuccessful : Your password is invalid!]]>
    </line>
    <line>
      <![CDATA[Login Unsuccessful : Your username is invalid!]]>
    </line>
    <line>
      <![CDATA[Closing the Browser]]>
    </line>
  </reporter-output>
  <suite started-at="2023-10-19T20:55:41 IST" name="All Test Suite" finished-at="2023-10-19T20:56:01 IST" duration-ms="20247">
    <groups>
    </groups>
    <test started-at="2023-10-19T20:55:41 IST" name="Test1" finished-at="2023-10-19T20:55:49 IST" duration-ms="7664">
      <class name="testM">
        <test-method is-config="true" signature="setup(java.lang.String)[pri:0, instance:testM@3ec300f1]" started-at="2023-10-19T20:55:41 IST" name="setup" finished-at="2023-10-19T20:55:46 IST" duration-ms="4496" status="PASS">
          <params>
            <param index="0">
              <value>
                <![CDATA[chrome]]>
              </value>
            </param>
          </params>
          <reporter-output>
          </reporter-output>
        </test-method> <!-- setup -->
        <test-method signature="login(java.lang.String,java.lang.String)[pri:0, instance:testM@3ec300f1]" started-at="2023-10-19T20:55:46 IST" name="login" data-provider="test-data" finished-at="2023-10-19T20:55:48 IST" duration-ms="1963" status="PASS">
          <params>
            <param index="0">
              <value>
                <![CDATA[student]]>
              </value>
            </param>
            <param index="1">
              <value>
                <![CDATA[Password123]]>
              </value>
            </param>
          </params>
          <reporter-output>
            <line>
              <![CDATA[Logged In Successfully]]>
            </line>
            <line>
              <![CDATA[User has successfully Logged Out.]]>
            </line>
          </reporter-output>
        </test-method> <!-- login -->
        <test-method signature="login(java.lang.String,java.lang.String)[pri:0, instance:testM@3ec300f1]" started-at="2023-10-19T20:55:48 IST" name="login" data-provider="test-data" finished-at="2023-10-19T20:55:48 IST" duration-ms="627" status="PASS">
          <params>
            <param index="0">
              <value>
                <![CDATA[test]]>
              </value>
            </param>
            <param index="1">
              <value>
                <![CDATA[Password123]]>
              </value>
            </param>
          </params>
          <reporter-output>
            <line>
              <![CDATA[Login Unsuccessful : Your username is invalid!]]>
            </line>
          </reporter-output>
        </test-method> <!-- login -->
        <test-method signature="login(java.lang.String,java.lang.String)[pri:0, instance:testM@3ec300f1]" started-at="2023-10-19T20:55:48 IST" name="login" data-provider="test-data" finished-at="2023-10-19T20:55:49 IST" duration-ms="115" status="PASS">
          <params>
            <param index="0">
              <value>
                <![CDATA[student]]>
              </value>
            </param>
            <param index="1">
              <value>
                <![CDATA[test]]>
              </value>
            </param>
          </params>
          <reporter-output>
            <line>
              <![CDATA[Login Unsuccessful : Your password is invalid!]]>
            </line>
          </reporter-output>
        </test-method> <!-- login -->
        <test-method signature="login(java.lang.String,java.lang.String)[pri:0, instance:testM@3ec300f1]" started-at="2023-10-19T20:55:49 IST" name="login" data-provider="test-data" finished-at="2023-10-19T20:55:49 IST" duration-ms="99" status="PASS">
          <params>
            <param index="0">
              <value>
                <![CDATA[test]]>
              </value>
            </param>
            <param index="1">
              <value>
                <![CDATA[test]]>
              </value>
            </param>
          </params>
          <reporter-output>
            <line>
              <![CDATA[Login Unsuccessful : Your username is invalid!]]>
            </line>
          </reporter-output>
        </test-method> <!-- login -->
        <test-method is-config="true" signature="teardown()[pri:0, instance:testM@3ec300f1]" started-at="2023-10-19T20:55:49 IST" name="teardown" finished-at="2023-10-19T20:55:49 IST" duration-ms="144" status="PASS">
          <reporter-output>
            <line>
              <![CDATA[Closing the Browser]]>
            </line>
          </reporter-output>
        </test-method> <!-- teardown -->
      </class> <!-- testM -->
    </test> <!-- Test1 -->
    <test started-at="2023-10-19T20:55:41 IST" name="Test2" finished-at="2023-10-19T20:55:49 IST" duration-ms="8320">
      <class name="testM">
        <test-method is-config="true" signature="setup(java.lang.String)[pri:0, instance:testM@6156496]" started-at="2023-10-19T20:55:41 IST" name="setup" finished-at="2023-10-19T20:55:46 IST" duration-ms="5182" status="PASS">
          <params>
            <param index="0">
              <value>
                <![CDATA[firefox]]>
              </value>
            </param>
          </params>
          <reporter-output>
          </reporter-output>
        </test-method> <!-- setup -->
        <test-method signature="login(java.lang.String,java.lang.String)[pri:0, instance:testM@6156496]" started-at="2023-10-19T20:55:46 IST" name="login" data-provider="test-data" finished-at="2023-10-19T20:55:48 IST" duration-ms="1879" status="PASS">
          <params>
            <param index="0">
              <value>
                <![CDATA[student]]>
              </value>
            </param>
            <param index="1">
              <value>
                <![CDATA[Password123]]>
              </value>
            </param>
          </params>
          <reporter-output>
            <line>
              <![CDATA[Logged In Successfully]]>
            </line>
            <line>
              <![CDATA[User has successfully Logged Out.]]>
            </line>
          </reporter-output>
        </test-method> <!-- login -->
        <test-method signature="login(java.lang.String,java.lang.String)[pri:0, instance:testM@6156496]" started-at="2023-10-19T20:55:48 IST" name="login" data-provider="test-data" finished-at="2023-10-19T20:55:48 IST" duration-ms="246" status="PASS">
          <params>
            <param index="0">
              <value>
                <![CDATA[test]]>
              </value>
            </param>
            <param index="1">
              <value>
                <![CDATA[Password123]]>
              </value>
            </param>
          </params>
          <reporter-output>
            <line>
              <![CDATA[Login Unsuccessful : Your username is invalid!]]>
            </line>
          </reporter-output>
        </test-method> <!-- login -->
        <test-method signature="login(java.lang.String,java.lang.String)[pri:0, instance:testM@6156496]" started-at="2023-10-19T20:55:48 IST" name="login" data-provider="test-data" finished-at="2023-10-19T20:55:49 IST" duration-ms="258" status="PASS">
          <params>
            <param index="0">
              <value>
                <![CDATA[student]]>
              </value>
            </param>
            <param index="1">
              <value>
                <![CDATA[test]]>
              </value>
            </param>
          </params>
          <reporter-output>
            <line>
              <![CDATA[Login Unsuccessful : Your password is invalid!]]>
            </line>
          </reporter-output>
        </test-method> <!-- login -->
        <test-method signature="login(java.lang.String,java.lang.String)[pri:0, instance:testM@6156496]" started-at="2023-10-19T20:55:49 IST" name="login" data-provider="test-data" finished-at="2023-10-19T20:55:49 IST" duration-ms="238" status="PASS">
          <params>
            <param index="0">
              <value>
                <![CDATA[test]]>
              </value>
            </param>
            <param index="1">
              <value>
                <![CDATA[test]]>
              </value>
            </param>
          </params>
          <reporter-output>
            <line>
              <![CDATA[Login Unsuccessful : Your username is invalid!]]>
            </line>
          </reporter-output>
        </test-method> <!-- login -->
        <test-method is-config="true" signature="teardown()[pri:0, instance:testM@6156496]" started-at="2023-10-19T20:55:49 IST" name="teardown" finished-at="2023-10-19T20:55:49 IST" duration-ms="500" status="PASS">
          <reporter-output>
            <line>
              <![CDATA[Closing the Browser]]>
            </line>
          </reporter-output>
        </test-method> <!-- teardown -->
      </class> <!-- testM -->
    </test> <!-- Test2 -->
    <test started-at="2023-10-19T20:55:49 IST" name="Test3" finished-at="2023-10-19T20:56:01 IST" duration-ms="12561">
      <class name="testM">
        <test-method is-config="true" signature="setup(java.lang.String)[pri:0, instance:testM@3e3047e6]" started-at="2023-10-19T20:55:49 IST" name="setup" finished-at="2023-10-19T20:55:54 IST" duration-ms="5057" status="PASS">
          <params>
            <param index="0">
              <value>
                <![CDATA[safari]]>
              </value>
            </param>
          </params>
          <reporter-output>
          </reporter-output>
        </test-method> <!-- setup -->
        <test-method signature="login(java.lang.String,java.lang.String)[pri:0, instance:testM@3e3047e6]" started-at="2023-10-19T20:55:54 IST" name="login" data-provider="test-data" finished-at="2023-10-19T20:56:00 IST" duration-ms="5922" status="PASS">
          <params>
            <param index="0">
              <value>
                <![CDATA[student]]>
              </value>
            </param>
            <param index="1">
              <value>
                <![CDATA[Password123]]>
              </value>
            </param>
          </params>
          <reporter-output>
            <line>
              <![CDATA[Logged In Successfully]]>
            </line>
            <line>
              <![CDATA[User has successfully Logged Out.]]>
            </line>
          </reporter-output>
        </test-method> <!-- login -->
        <test-method signature="login(java.lang.String,java.lang.String)[pri:0, instance:testM@3e3047e6]" started-at="2023-10-19T20:56:00 IST" name="login" data-provider="test-data" finished-at="2023-10-19T20:56:01 IST" duration-ms="1163" status="PASS">
          <params>
            <param index="0">
              <value>
                <![CDATA[test]]>
              </value>
            </param>
            <param index="1">
              <value>
                <![CDATA[Password123]]>
              </value>
            </param>
          </params>
          <reporter-output>
            <line>
              <![CDATA[Login Unsuccessful : Your username is invalid!]]>
            </line>
          </reporter-output>
        </test-method> <!-- login -->
        <test-method signature="login(java.lang.String,java.lang.String)[pri:0, instance:testM@3e3047e6]" started-at="2023-10-19T20:56:01 IST" name="login" data-provider="test-data" finished-at="2023-10-19T20:56:01 IST" duration-ms="103" status="PASS">
          <params>
            <param index="0">
              <value>
                <![CDATA[student]]>
              </value>
            </param>
            <param index="1">
              <value>
                <![CDATA[test]]>
              </value>
            </param>
          </params>
          <reporter-output>
            <line>
              <![CDATA[Login Unsuccessful : Your password is invalid!]]>
            </line>
          </reporter-output>
        </test-method> <!-- login -->
        <test-method signature="login(java.lang.String,java.lang.String)[pri:0, instance:testM@3e3047e6]" started-at="2023-10-19T20:56:01 IST" name="login" data-provider="test-data" finished-at="2023-10-19T20:56:01 IST" duration-ms="70" status="PASS">
          <params>
            <param index="0">
              <value>
                <![CDATA[test]]>
              </value>
            </param>
            <param index="1">
              <value>
                <![CDATA[test]]>
              </value>
            </param>
          </params>
          <reporter-output>
            <line>
              <![CDATA[Login Unsuccessful : Your username is invalid!]]>
            </line>
          </reporter-output>
        </test-method> <!-- login -->
        <test-method is-config="true" signature="teardown()[pri:0, instance:testM@3e3047e6]" started-at="2023-10-19T20:56:01 IST" name="teardown" finished-at="2023-10-19T20:56:01 IST" duration-ms="223" status="PASS">
          <reporter-output>
            <line>
              <![CDATA[Closing the Browser]]>
            </line>
          </reporter-output>
        </test-method> <!-- teardown -->
      </class> <!-- testM -->
    </test> <!-- Test3 -->
  </suite> <!-- All Test Suite -->
</testng-results>
